The user aborted a request.

Retrying 1/3...
The user aborted a request.

Retrying 1/3...
[portal] Error loading me summary Error: UNAUTHORIZED
    at resolvePortalUserContext (webpack-internal:///(rsc)/./src/lib/portal/user-context.ts:116:41)
    at async getMe (webpack-internal:///(rsc)/./src/lib/portal/me.service.ts:13:18)
    at async safeLoad (webpack-internal:///(rsc)/./src/app/portal/page.tsx:37:19)
    at async Promise.all (index 0)
    at async PortalPage (webpack-internal:///(rsc)/./src/app/portal/page.tsx:861:134)
[portal] Error loading incident requests summary Error: UNAUTHORIZED
    at resolvePortalUserContext (webpack-internal:///(rsc)/./src/lib/portal/user-context.ts:116:41)
    at async getIncidentRequests (webpack-internal:///(rsc)/./src/lib/portal/incident-requests.service.ts:44:18)
    at async safeLoad (webpack-internal:///(rsc)/./src/app/portal/page.tsx:37:19)
    at async Promise.all (index 3)
    at async PortalPage (webpack-internal:///(rsc)/./src/app/portal/page.tsx:861:134)
[portal] Error loading contracts summary Error: UNAUTHORIZED
    at resolvePortalUserContext (webpack-internal:///(rsc)/./src/lib/portal/user-context.ts:116:41)
    at async getContracts (webpack-internal:///(rsc)/./src/lib/portal/contracts.service.ts:19:18)
    at async safeLoad (webpack-internal:///(rsc)/./src/app/portal/page.tsx:37:19)
    at async Promise.all (index 4)
    at async PortalPage (webpack-internal:///(rsc)/./src/app/portal/page.tsx:861:134)
[portal] Error loading tenant my notices Error: UNAUTHORIZED
    at resolvePortalUserContext (webpack-internal:///(rsc)/./src/lib/portal/user-context.ts:116:41)
    at async getTenantMyNotices (webpack-internal:///(rsc)/./src/lib/portal/tenant-my-notices.service.ts:20:18)
    at async safeLoad (webpack-internal:///(rsc)/./src/app/portal/page.tsx:37:19)
    at async Promise.all (index 5)
    at async PortalPage (webpack-internal:///(rsc)/./src/app/portal/page.tsx:861:134)
[portal] Error loading invoices summary Error: UNAUTHORIZED
    at resolvePortalUserContext (webpack-internal:///(rsc)/./src/lib/portal/user-context.ts:116:41)
    at async getInvoices (webpack-internal:///(rsc)/./src/lib/portal/invoices.service.ts:45:18)
    at async safeLoad (webpack-internal:///(rsc)/./src/app/portal/page.tsx:37:19)
    at async Promise.all (index 1)
    at async PortalPage (webpack-internal:///(rsc)/./src/app/portal/page.tsx:861:134)
[portal] Error loading incidents summary Error: UNAUTHORIZED
    at resolvePortalUserContext (webpack-internal:///(rsc)/./src/lib/portal/user-context.ts:116:41)
    at async getIncidents (webpack-internal:///(rsc)/./src/lib/portal/incidents.service.ts:32:18)
    at async safeLoad (webpack-internal:///(rsc)/./src/app/portal/page.tsx:37:19)
    at async Promise.all (index 2)
    at async PortalPage (webpack-internal:///(rsc)/./src/app/portal/page.tsx:861:134)
[portal] Error loading me summary Error: UNAUTHORIZED
    at resolvePortalUserContext (webpack-internal:///(rsc)/./src/lib/portal/user-context.ts:116:41)
    at async getMe (webpack-internal:///(rsc)/./src/lib/portal/me.service.ts:13:18)
    at async safeLoad (webpack-internal:///(rsc)/./src/app/portal/page.tsx:37:19)
    at async Promise.all (index 0)
    at async PortalPage (webpack-internal:///(rsc)/./src/app/portal/page.tsx:861:134)
[portal] Error loading incident requests summary Error: UNAUTHORIZED
    at resolvePortalUserContext (webpack-internal:///(rsc)/./src/lib/portal/user-context.ts:116:41)
    at async getIncidentRequests (webpack-internal:///(rsc)/./src/lib/portal/incident-requests.service.ts:44:18)
    at async safeLoad (webpack-internal:///(rsc)/./src/app/portal/page.tsx:37:19)
    at async Promise.all (index 3)
    at async PortalPage (webpack-internal:///(rsc)/./src/app/portal/page.tsx:861:134)
[portal] Error loading contracts summary Error: UNAUTHORIZED
    at resolvePortalUserContext (webpack-internal:///(rsc)/./src/lib/portal/user-context.ts:116:41)
    at async getContracts (webpack-internal:///(rsc)/./src/lib/portal/contracts.service.ts:19:18)
    at async safeLoad (webpack-internal:///(rsc)/./src/app/portal/page.tsx:37:19)
    at async Promise.all (index 4)
    at async PortalPage (webpack-internal:///(rsc)/./src/app/portal/page.tsx:861:134)
[portal] Error loading tenant my notices Error: UNAUTHORIZED
    at resolvePortalUserContext (webpack-internal:///(rsc)/./src/lib/portal/user-context.ts:116:41)
    at async getTenantMyNotices (webpack-internal:///(rsc)/./src/lib/portal/tenant-my-notices.service.ts:20:18)
    at async safeLoad (webpack-internal:///(rsc)/./src/app/portal/page.tsx:37:19)
    at async Promise.all (index 5)
    at async PortalPage (webpack-internal:///(rsc)/./src/app/portal/page.tsx:861:134)
[portal] Error loading invoices summary Error: UNAUTHORIZED
    at resolvePortalUserContext (webpack-internal:///(rsc)/./src/lib/portal/user-context.ts:116:41)
    at async getInvoices (webpack-internal:///(rsc)/./src/lib/portal/invoices.service.ts:45:18)
    at async safeLoad (webpack-internal:///(rsc)/./src/app/portal/page.tsx:37:19)
    at async Promise.all (index 1)
    at async PortalPage (webpack-internal:///(rsc)/./src/app/portal/page.tsx:861:134)
[portal] Error loading incidents summary Error: UNAUTHORIZED
    at resolvePortalUserContext (webpack-internal:///(rsc)/./src/lib/portal/user-context.ts:116:41)
    at async getIncidents (webpack-internal:///(rsc)/./src/lib/portal/incidents.service.ts:32:18)
    at async safeLoad (webpack-internal:///(rsc)/./src/app/portal/page.tsx:37:19)
    at async Promise.all (index 2)
    at async PortalPage (webpack-internal:///(rsc)/./src/app/portal/page.tsx:861:134)
npm notice
npm notice New major version of npm available! 10.9.2 -> 11.14.1
npm notice Changelog: https://github.com/npm/cli/releases/tag/v11.14.1
npm notice To update run: npm install -g npm@11.14.1
npm notice
